Started GET "/" for 127.0.0.1 at 2023-12-24 11:15:26 +0000
Processing by Rails::WelcomeController#index as HTML
  Rendering /home/yusif/.rbenv/versions/3.2.2/lib/ruby/gems/3.2.0/gems/railties-7.0.8/lib/rails/templates/rails/welcome/index.html.erb
  Rendered /home/yusif/.rbenv/versions/3.2.2/lib/ruby/gems/3.2.0/gems/railties-7.0.8/lib/rails/templates/rails/welcome/index.html.erb (Duration: 13.6ms | Allocations: 631)
Completed 200 OK in 28ms (Views: 17.0ms | ActiveRecord: 0.0ms | Allocations: 7352)


Started GET "/" for 127.0.0.1 at 2023-12-26 19:52:23 +0000
Processing by Rails::WelcomeController#index as HTML
  Rendering /home/yusif/.rbenv/versions/3.2.2/lib/ruby/gems/3.2.0/gems/railties-7.0.8/lib/rails/templates/rails/welcome/index.html.erb
  Rendered /home/yusif/.rbenv/versions/3.2.2/lib/ruby/gems/3.2.0/gems/railties-7.0.8/lib/rails/templates/rails/welcome/index.html.erb (Duration: 10.1ms | Allocations: 489)
Completed 200 OK in 50ms (Views: 16.1ms | ActiveRecord: 0.0ms | Allocations: 4221)


  [1m[35m (74.6ms)[0m  [1m[35mCREATE TABLE "schema_migrations" ("version" varchar NOT NULL PRIMARY KEY)[0m
  [1m[35m (88.3ms)[0m  [1m[35mCREATE TABLE "ar_internal_metadata" ("key" varchar NOT NULL PRIMARY KEY, "value" varchar, "created_at" datetime(6) NOT NULL, "updated_at" datetime(6) NOT NULL)[0m
  [1m[36mActiveRecord::SchemaMigration Pluck (0.4ms)[0m  [1m[34mSELECT "schema_migrations"."version" FROM "schema_migrations" ORDER BY "schema_migrations"."version" ASC[0m
Migrating to DeviseCreateUsers (20231226222433)
  [1m[36mTRANSACTION (0.2ms)[0m  [1m[36mbegin transaction[0m
  [1m[35m (0.8ms)[0m  [1m[35mCREATE TABLE "users" ("id" integer PRIMARY KEY AUTOINCREMENT NOT NULL, "email" varchar DEFAULT '' NOT NULL, "encrypted_password" varchar DEFAULT '' NOT NULL, "reset_password_token" varchar, "reset_password_sent_at" datetime(6), "remember_created_at" datetime(6), "confirmation_token" varchar, "confirmed_at" datetime(6), "confirmation_sent_at" datetime(6), "unconfirmed_email" varchar, "created_at" datetime(6) NOT NULL, "updated_at" datetime(6) NOT NULL)[0m
  [1m[35m (0.3ms)[0m  [1m[35mCREATE UNIQUE INDEX "index_users_on_email" ON "users" ("email")[0m
  [1m[35m (0.2ms)[0m  [1m[35mCREATE UNIQUE INDEX "index_users_on_reset_password_token" ON "users" ("reset_password_token")[0m
  [1m[36mActiveRecord::SchemaMigration Create (0.2ms)[0m  [1m[32mINSERT INTO "schema_migrations" ("version") VALUES (?)[0m  [["version", "20231226222433"]]
  [1m[36mTRANSACTION (87.5ms)[0m  [1m[36mcommit transaction[0m
  [1m[36mActiveRecord::InternalMetadata Load (0.2ms)[0m  [1m[34mSELECT "ar_internal_metadata".* FROM "ar_internal_metadata" WHERE "ar_internal_metadata"."key" = ? LIMIT ?[0m  [["key", "environment"], ["LIMIT", 1]]
  [1m[36mTRANSACTION (0.1ms)[0m  [1m[36mbegin transaction[0m
  [1m[36mActiveRecord::InternalMetadata Create (0.3ms)[0m  [1m[32mINSERT INTO "ar_internal_metadata" ("key", "value", "created_at", "updated_at") VALUES (?, ?, ?, ?)[0m  [["key", "environment"], ["value", "development"], ["created_at", "2023-12-26 23:05:34.511134"], ["updated_at", "2023-12-26 23:05:34.511134"]]
  [1m[36mTRANSACTION (63.8ms)[0m  [1m[36mcommit transaction[0m
  [1m[36mActiveRecord::SchemaMigration Pluck (0.3ms)[0m  [1m[34mSELECT "schema_migrations"."version" FROM "schema_migrations" ORDER BY "schema_migrations"."version" ASC[0m
Started GET "/" for 127.0.0.1 at 2023-12-26 23:06:33 +0000
  [1m[36mActiveRecord::SchemaMigration Pluck (0.1ms)[0m  [1m[34mSELECT "schema_migrations"."version" FROM "schema_migrations" ORDER BY "schema_migrations"."version" ASC[0m
Processing by DashboardController#index as HTML
  Rendering layout layouts/application.html.erb
  Rendering dashboard/index.html.erb within layouts/application
  Rendered dashboard/index.html.erb within layouts/application (Duration: 0.6ms | Allocations: 296)
  Rendered layout layouts/application.html.erb (Duration: 521.3ms | Allocations: 134066)
Completed 200 OK in 529ms (Views: 523.3ms | ActiveRecord: 0.0ms | Allocations: 139102)


Started GET "/users/sign_up" for 127.0.0.1 at 2023-12-26 23:06:54 +0000
Processing by Devise::RegistrationsController#new as HTML
  Rendering layout layouts/application.html.erb
  Rendering /home/yusif/.rbenv/versions/3.2.2/lib/ruby/gems/3.2.0/gems/devise-4.9.3/app/views/devise/registrations/new.html.erb within layouts/application
  Rendered /home/yusif/.rbenv/versions/3.2.2/lib/ruby/gems/3.2.0/gems/devise-4.9.3/app/views/devise/shared/_error_messages.html.erb (Duration: 1.4ms | Allocations: 242)
  Rendered /home/yusif/.rbenv/versions/3.2.2/lib/ruby/gems/3.2.0/gems/devise-4.9.3/app/views/devise/shared/_links.html.erb (Duration: 3.2ms | Allocations: 723)
  Rendered /home/yusif/.rbenv/versions/3.2.2/lib/ruby/gems/3.2.0/gems/devise-4.9.3/app/views/devise/registrations/new.html.erb within layouts/application (Duration: 43.1ms | Allocations: 4717)
  Rendered layout layouts/application.html.erb (Duration: 51.2ms | Allocations: 11435)
Completed 200 OK in 81ms (Views: 54.5ms | ActiveRecord: 0.6ms | Allocations: 20574)


Started GET "/users/confirmation/new" for 127.0.0.1 at 2023-12-26 23:06:56 +0000
Processing by Devise::ConfirmationsController#new as HTML
  Rendering layout layouts/application.html.erb
  Rendering /home/yusif/.rbenv/versions/3.2.2/lib/ruby/gems/3.2.0/gems/devise-4.9.3/app/views/devise/confirmations/new.html.erb within layouts/application
  Rendered /home/yusif/.rbenv/versions/3.2.2/lib/ruby/gems/3.2.0/gems/devise-4.9.3/app/views/devise/shared/_error_messages.html.erb (Duration: 0.0ms | Allocations: 16)
  Rendered /home/yusif/.rbenv/versions/3.2.2/lib/ruby/gems/3.2.0/gems/devise-4.9.3/app/views/devise/shared/_links.html.erb (Duration: 0.9ms | Allocations: 325)
  Rendered /home/yusif/.rbenv/versions/3.2.2/lib/ruby/gems/3.2.0/gems/devise-4.9.3/app/views/devise/confirmations/new.html.erb within layouts/application (Duration: 3.5ms | Allocations: 1573)
  Rendered layout layouts/application.html.erb (Duration: 10.9ms | Allocations: 8212)
Completed 200 OK in 14ms (Views: 12.6ms | ActiveRecord: 0.0ms | Allocations: 9021)


Started GET "/users/sign_up" for 127.0.0.1 at 2023-12-26 23:07:31 +0000
Processing by Devise::RegistrationsController#new as HTML
  Rendering layout layouts/application.html.erb
  Rendering /home/yusif/.rbenv/versions/3.2.2/lib/ruby/gems/3.2.0/gems/devise-4.9.3/app/views/devise/registrations/new.html.erb within layouts/application
  Rendered /home/yusif/.rbenv/versions/3.2.2/lib/ruby/gems/3.2.0/gems/devise-4.9.3/app/views/devise/shared/_error_messages.html.erb (Duration: 1.3ms | Allocations: 224)
  Rendered /home/yusif/.rbenv/versions/3.2.2/lib/ruby/gems/3.2.0/gems/devise-4.9.3/app/views/devise/shared/_links.html.erb (Duration: 1.6ms | Allocations: 571)
  Rendered /home/yusif/.rbenv/versions/3.2.2/lib/ruby/gems/3.2.0/gems/devise-4.9.3/app/views/devise/registrations/new.html.erb within layouts/application (Duration: 8.1ms | Allocations: 2453)
  Rendered layout layouts/application.html.erb (Duration: 18.0ms | Allocations: 9270)
Completed 200 OK in 25ms (Views: 23.2ms | ActiveRecord: 0.0ms | Allocations: 10655)


Started GET "/users/sign_up" for 127.0.0.1 at 2023-12-26 23:07:47 +0000
Processing by Devise::RegistrationsController#new as HTML
  Rendering layout layouts/application.html.erb
  Rendering /home/yusif/.rbenv/versions/3.2.2/lib/ruby/gems/3.2.0/gems/devise-4.9.3/app/views/devise/registrations/new.html.erb within layouts/application
  Rendered /home/yusif/.rbenv/versions/3.2.2/lib/ruby/gems/3.2.0/gems/devise-4.9.3/app/views/devise/shared/_error_messages.html.erb (Duration: 0.9ms | Allocations: 224)
  Rendered /home/yusif/.rbenv/versions/3.2.2/lib/ruby/gems/3.2.0/gems/devise-4.9.3/app/views/devise/shared/_links.html.erb (Duration: 1.8ms | Allocations: 571)
  Rendered /home/yusif/.rbenv/versions/3.2.2/lib/ruby/gems/3.2.0/gems/devise-4.9.3/app/views/devise/registrations/new.html.erb within layouts/application (Duration: 8.5ms | Allocations: 2455)
  Rendered layout layouts/application.html.erb (Duration: 18.8ms | Allocations: 9426)
Completed 200 OK in 27ms (Views: 25.3ms | ActiveRecord: 0.0ms | Allocations: 10829)


Started GET "/users/sign_up" for 127.0.0.1 at 2023-12-26 23:08:00 +0000
Processing by Devise::RegistrationsController#new as HTML
  Rendering layout layouts/application.html.erb
  Rendering /home/yusif/.rbenv/versions/3.2.2/lib/ruby/gems/3.2.0/gems/devise-4.9.3/app/views/devise/registrations/new.html.erb within layouts/application
  Rendered /home/yusif/.rbenv/versions/3.2.2/lib/ruby/gems/3.2.0/gems/devise-4.9.3/app/views/devise/shared/_error_messages.html.erb (Duration: 1.0ms | Allocations: 224)
  Rendered /home/yusif/.rbenv/versions/3.2.2/lib/ruby/gems/3.2.0/gems/devise-4.9.3/app/views/devise/shared/_links.html.erb (Duration: 2.1ms | Allocations: 571)
  Rendered /home/yusif/.rbenv/versions/3.2.2/lib/ruby/gems/3.2.0/gems/devise-4.9.3/app/views/devise/registrations/new.html.erb within layouts/application (Duration: 9.9ms | Allocations: 2453)
  Rendered layout layouts/application.html.erb (Duration: 23.7ms | Allocations: 9407)
Completed 200 OK in 32ms (Views: 30.6ms | ActiveRecord: 0.0ms | Allocations: 10788)


Started GET "/users/sign_up" for 127.0.0.1 at 2023-12-26 23:08:10 +0000
Processing by Devise::RegistrationsController#new as HTML
  Rendering layout layouts/application.html.erb
  Rendering /home/yusif/.rbenv/versions/3.2.2/lib/ruby/gems/3.2.0/gems/devise-4.9.3/app/views/devise/registrations/new.html.erb within layouts/application
  Rendered /home/yusif/.rbenv/versions/3.2.2/lib/ruby/gems/3.2.0/gems/devise-4.9.3/app/views/devise/shared/_error_messages.html.erb (Duration: 1.2ms | Allocations: 224)
  Rendered /home/yusif/.rbenv/versions/3.2.2/lib/ruby/gems/3.2.0/gems/devise-4.9.3/app/views/devise/shared/_links.html.erb (Duration: 1.7ms | Allocations: 571)
  Rendered /home/yusif/.rbenv/versions/3.2.2/lib/ruby/gems/3.2.0/gems/devise-4.9.3/app/views/devise/registrations/new.html.erb within layouts/application (Duration: 8.0ms | Allocations: 2456)
  Rendered layout layouts/application.html.erb (Duration: 18.5ms | Allocations: 9289)
Completed 200 OK in 27ms (Views: 25.0ms | ActiveRecord: 0.0ms | Allocations: 10673)


Started GET "/users/sign_up" for 127.0.0.1 at 2023-12-26 23:08:11 +0000
Processing by Devise::RegistrationsController#new as HTML
  Rendering layout layouts/application.html.erb
  Rendering /home/yusif/.rbenv/versions/3.2.2/lib/ruby/gems/3.2.0/gems/devise-4.9.3/app/views/devise/registrations/new.html.erb within layouts/application
  Rendered /home/yusif/.rbenv/versions/3.2.2/lib/ruby/gems/3.2.0/gems/devise-4.9.3/app/views/devise/shared/_error_messages.html.erb (Duration: 0.4ms | Allocations: 14)
  Rendered /home/yusif/.rbenv/versions/3.2.2/lib/ruby/gems/3.2.0/gems/devise-4.9.3/app/views/devise/shared/_links.html.erb (Duration: 0.6ms | Allocations: 133)
  Rendered /home/yusif/.rbenv/versions/3.2.2/lib/ruby/gems/3.2.0/gems/devise-4.9.3/app/views/devise/registrations/new.html.erb within layouts/application (Duration: 5.9ms | Allocations: 1235)
  Rendered layout layouts/application.html.erb (Duration: 19.4ms | Allocations: 7807)
Completed 200 OK in 22ms (Views: 20.6ms | ActiveRecord: 0.0ms | Allocations: 8381)


Started GET "/users/sign_up" for 127.0.0.1 at 2023-12-26 23:08:28 +0000
  [1m[36mActiveRecord::SchemaMigration Pluck (0.1ms)[0m  [1m[34mSELECT "schema_migrations"."version" FROM "schema_migrations" ORDER BY "schema_migrations"."version" ASC[0m
Processing by Devise::RegistrationsController#new as HTML
  Rendering layout layouts/application.html.erb
  Rendering /home/yusif/.rbenv/versions/3.2.2/lib/ruby/gems/3.2.0/gems/devise-4.9.3/app/views/devise/registrations/new.html.erb within layouts/application
  Rendered /home/yusif/.rbenv/versions/3.2.2/lib/ruby/gems/3.2.0/gems/devise-4.9.3/app/views/devise/shared/_error_messages.html.erb (Duration: 0.3ms | Allocations: 247)
  Rendered /home/yusif/.rbenv/versions/3.2.2/lib/ruby/gems/3.2.0/gems/devise-4.9.3/app/views/devise/shared/_links.html.erb (Duration: 1.2ms | Allocations: 719)
  Rendered /home/yusif/.rbenv/versions/3.2.2/lib/ruby/gems/3.2.0/gems/devise-4.9.3/app/views/devise/registrations/new.html.erb within layouts/application (Duration: 6.7ms | Allocations: 4288)
  Rendered layout layouts/application.html.erb (Duration: 58.2ms | Allocations: 54467)
Completed 200 OK in 78ms (Views: 63.0ms | ActiveRecord: 0.5ms | Allocations: 67202)


Started GET "/users/sign_up" for 127.0.0.1 at 2023-12-26 23:08:41 +0000
Processing by Devise::RegistrationsController#new as HTML
  Rendering layout layouts/application.html.erb
  Rendering /home/yusif/.rbenv/versions/3.2.2/lib/ruby/gems/3.2.0/gems/devise-4.9.3/app/views/devise/registrations/new.html.erb within layouts/application
  Rendered /home/yusif/.rbenv/versions/3.2.2/lib/ruby/gems/3.2.0/gems/devise-4.9.3/app/views/devise/shared/_error_messages.html.erb (Duration: 0.5ms | Allocations: 224)
  Rendered /home/yusif/.rbenv/versions/3.2.2/lib/ruby/gems/3.2.0/gems/devise-4.9.3/app/views/devise/shared/_links.html.erb (Duration: 1.1ms | Allocations: 571)
  Rendered /home/yusif/.rbenv/versions/3.2.2/lib/ruby/gems/3.2.0/gems/devise-4.9.3/app/views/devise/registrations/new.html.erb within layouts/application (Duration: 4.5ms | Allocations: 2456)
  Rendered layout layouts/application.html.erb (Duration: 12.2ms | Allocations: 9273)
Completed 200 OK in 16ms (Views: 14.7ms | ActiveRecord: 0.0ms | Allocations: 10656)


Started GET "/" for 127.0.0.1 at 2023-12-26 23:09:54 +0000
Processing by DashboardController#index as HTML
  Rendering layout layouts/application.html.erb
  Rendering dashboard/index.html.erb within layouts/application
  Rendered dashboard/index.html.erb within layouts/application (Duration: 0.6ms | Allocations: 112)
  Rendered layout layouts/application.html.erb (Duration: 10.6ms | Allocations: 7249)
Completed 200 OK in 14ms (Views: 12.6ms | ActiveRecord: 0.0ms | Allocations: 8217)


Started GET "/" for 127.0.0.1 at 2023-12-26 23:10:08 +0000
Processing by DashboardController#index as HTML
  Rendering layout layouts/application.html.erb
  Rendering dashboard/index.html.erb within layouts/application
  Rendered dashboard/index.html.erb within layouts/application (Duration: 0.8ms | Allocations: 107)
  Rendered layout layouts/application.html.erb (Duration: 17.6ms | Allocations: 7154)
Completed 200 OK in 22ms (Views: 20.2ms | ActiveRecord: 0.0ms | Allocations: 7988)


Started GET "/" for 127.0.0.1 at 2023-12-26 23:10:29 +0000
Processing by DashboardController#index as HTML
  Rendering layout layouts/application.html.erb
  Rendering dashboard/index.html.erb within layouts/application
  Rendered dashboard/index.html.erb within layouts/application (Duration: 0.6ms | Allocations: 110)
  Rendered layout layouts/application.html.erb (Duration: 14.0ms | Allocations: 7286)
Completed 200 OK in 17ms (Views: 16.1ms | ActiveRecord: 0.0ms | Allocations: 8126)


Started GET "/" for 127.0.0.1 at 2023-12-26 23:10:35 +0000
Processing by DashboardController#index as HTML
  Rendering layout layouts/application.html.erb
  Rendering dashboard/index.html.erb within layouts/application
  Rendered dashboard/index.html.erb within layouts/application (Duration: 1.2ms | Allocations: 110)
  Rendered layout layouts/application.html.erb (Duration: 25.3ms | Allocations: 7362)
Completed 200 OK in 32ms (Views: 29.4ms | ActiveRecord: 0.0ms | Allocations: 8202)


Started GET "/" for 127.0.0.1 at 2023-12-26 23:10:40 +0000
Processing by DashboardController#index as HTML
  Rendering layout layouts/application.html.erb
  Rendering dashboard/index.html.erb within layouts/application
  Rendered dashboard/index.html.erb within layouts/application (Duration: 1.0ms | Allocations: 110)
  Rendered layout layouts/application.html.erb (Duration: 16.3ms | Allocations: 7379)
Completed 200 OK in 21ms (Views: 19.7ms | ActiveRecord: 0.0ms | Allocations: 8221)


Started GET "/users/sign_in" for 127.0.0.1 at 2023-12-26 23:10:55 +0000
Processing by Devise::SessionsController#new as HTML
  Rendering layout layouts/application.html.erb
  Rendering /home/yusif/.rbenv/versions/3.2.2/lib/ruby/gems/3.2.0/gems/devise-4.9.3/app/views/devise/sessions/new.html.erb within layouts/application
  Rendered /home/yusif/.rbenv/versions/3.2.2/lib/ruby/gems/3.2.0/gems/devise-4.9.3/app/views/devise/shared/_links.html.erb (Duration: 1.4ms | Allocations: 753)
  Rendered /home/yusif/.rbenv/versions/3.2.2/lib/ruby/gems/3.2.0/gems/devise-4.9.3/app/views/devise/sessions/new.html.erb within layouts/application (Duration: 6.2ms | Allocations: 2844)
  Rendered layout layouts/application.html.erb (Duration: 12.7ms | Allocations: 9398)
Completed 200 OK in 17ms (Views: 14.7ms | ActiveRecord: 0.0ms | Allocations: 11268)


Started GET "/users/confirmation/new" for 127.0.0.1 at 2023-12-26 23:11:02 +0000
Processing by Devise::ConfirmationsController#new as HTML
  Rendering layout layouts/application.html.erb
  Rendering /home/yusif/.rbenv/versions/3.2.2/lib/ruby/gems/3.2.0/gems/devise-4.9.3/app/views/devise/confirmations/new.html.erb within layouts/application
  Rendered /home/yusif/.rbenv/versions/3.2.2/lib/ruby/gems/3.2.0/gems/devise-4.9.3/app/views/devise/shared/_error_messages.html.erb (Duration: 1.0ms | Allocations: 225)
  Rendered /home/yusif/.rbenv/versions/3.2.2/lib/ruby/gems/3.2.0/gems/devise-4.9.3/app/views/devise/shared/_links.html.erb (Duration: 0.4ms | Allocations: 205)
  Rendered /home/yusif/.rbenv/versions/3.2.2/lib/ruby/gems/3.2.0/gems/devise-4.9.3/app/views/devise/confirmations/new.html.erb within layouts/application (Duration: 6.6ms | Allocations: 1735)
  Rendered layout layouts/application.html.erb (Duration: 15.5ms | Allocations: 8526)
Completed 200 OK in 19ms (Views: 17.9ms | ActiveRecord: 0.0ms | Allocations: 9336)


Started POST "/users/confirmation" for 127.0.0.1 at 2023-12-26 23:11:14 +0000
Processing by Devise::ConfirmationsController#create as TURBO_STREAM
  Parameters: {"authenticity_token"=>"[FILTERED]", "user"=>{"email"=>"yusif.badmus@gmail.com"}, "commit"=>"Resend confirmation instructions"}
  [1m[36mUser Load (0.3ms)[0m  [1m[34mSELECT "users".* FROM "users" WHERE "users"."unconfirmed_email" = ? ORDER BY "users"."id" ASC LIMIT ?[0m  [["unconfirmed_email", "yusif.badmus@gmail.com"], ["LIMIT", 1]]
  [1m[36mUser Load (0.2ms)[0m  [1m[34mSELECT "users".* FROM "users" WHERE "users"."email" = ? ORDER BY "users"."id" ASC LIMIT ?[0m  [["email", "yusif.badmus@gmail.com"], ["LIMIT", 1]]
  Rendering layout layouts/application.html.erb
  Rendering /home/yusif/.rbenv/versions/3.2.2/lib/ruby/gems/3.2.0/gems/devise-4.9.3/app/views/devise/confirmations/new.html.erb within layouts/application
  Rendered /home/yusif/.rbenv/versions/3.2.2/lib/ruby/gems/3.2.0/gems/devise-4.9.3/app/views/devise/shared/_error_messages.html.erb (Duration: 0.6ms | Allocations: 507)
  Rendered /home/yusif/.rbenv/versions/3.2.2/lib/ruby/gems/3.2.0/gems/devise-4.9.3/app/views/devise/shared/_links.html.erb (Duration: 0.2ms | Allocations: 185)
  Rendered /home/yusif/.rbenv/versions/3.2.2/lib/ruby/gems/3.2.0/gems/devise-4.9.3/app/views/devise/confirmations/new.html.erb within layouts/application (Duration: 2.4ms | Allocations: 1843)
  Rendered layout layouts/application.html.erb (Duration: 8.7ms | Allocations: 8435)
Completed 422 Unprocessable Entity in 32ms (Views: 9.3ms | ActiveRecord: 0.5ms | Allocations: 15275)


Started GET "/users/sign_in" for 127.0.0.1 at 2023-12-26 23:11:41 +0000
Processing by Devise::SessionsController#new as HTML
  Rendering layout layouts/application.html.erb
  Rendering /home/yusif/.rbenv/versions/3.2.2/lib/ruby/gems/3.2.0/gems/devise-4.9.3/app/views/devise/sessions/new.html.erb within layouts/application
  Rendered /home/yusif/.rbenv/versions/3.2.2/lib/ruby/gems/3.2.0/gems/devise-4.9.3/app/views/devise/shared/_links.html.erb (Duration: 0.4ms | Allocations: 187)
  Rendered /home/yusif/.rbenv/versions/3.2.2/lib/ruby/gems/3.2.0/gems/devise-4.9.3/app/views/devise/sessions/new.html.erb within layouts/application (Duration: 3.3ms | Allocations: 1262)
  Rendered layout layouts/application.html.erb (Duration: 14.9ms | Allocations: 7739)
Completed 200 OK in 17ms (Views: 15.7ms | ActiveRecord: 0.0ms | Allocations: 8368)


Started GET "/users/sign_up" for 127.0.0.1 at 2023-12-26 23:11:47 +0000
Processing by Devise::RegistrationsController#new as HTML
  Rendering layout layouts/application.html.erb
  Rendering /home/yusif/.rbenv/versions/3.2.2/lib/ruby/gems/3.2.0/gems/devise-4.9.3/app/views/devise/registrations/new.html.erb within layouts/application
  Rendered /home/yusif/.rbenv/versions/3.2.2/lib/ruby/gems/3.2.0/gems/devise-4.9.3/app/views/devise/shared/_error_messages.html.erb (Duration: 0.1ms | Allocations: 16)
  Rendered /home/yusif/.rbenv/versions/3.2.2/lib/ruby/gems/3.2.0/gems/devise-4.9.3/app/views/devise/shared/_links.html.erb (Duration: 0.2ms | Allocations: 144)
  Rendered /home/yusif/.rbenv/versions/3.2.2/lib/ruby/gems/3.2.0/gems/devise-4.9.3/app/views/devise/registrations/new.html.erb within layouts/application (Duration: 3.1ms | Allocations: 1666)
  Rendered layout layouts/application.html.erb (Duration: 10.4ms | Allocations: 8225)
Completed 200 OK in 13ms (Views: 12.1ms | ActiveRecord: 0.0ms | Allocations: 9145)


Started GET "/users/sign_in" for 127.0.0.1 at 2023-12-26 23:12:07 +0000
Processing by Devise::SessionsController#new as HTML
  Rendering layout layouts/application.html.erb
  Rendering /home/yusif/.rbenv/versions/3.2.2/lib/ruby/gems/3.2.0/gems/devise-4.9.3/app/views/devise/sessions/new.html.erb within layouts/application
  Rendered /home/yusif/.rbenv/versions/3.2.2/lib/ruby/gems/3.2.0/gems/devise-4.9.3/app/views/devise/shared/_links.html.erb (Duration: 0.8ms | Allocations: 187)
  Rendered /home/yusif/.rbenv/versions/3.2.2/lib/ruby/gems/3.2.0/gems/devise-4.9.3/app/views/devise/sessions/new.html.erb within layouts/application (Duration: 4.9ms | Allocations: 1262)
  Rendered layout layouts/application.html.erb (Duration: 20.9ms | Allocations: 7737)
Completed 200 OK in 25ms (Views: 22.2ms | ActiveRecord: 0.0ms | Allocations: 8391)


Started GET "/users/sign_up" for 127.0.0.1 at 2023-12-26 23:12:12 +0000
Processing by Devise::RegistrationsController#new as HTML
  Rendering layout layouts/application.html.erb
  Rendering /home/yusif/.rbenv/versions/3.2.2/lib/ruby/gems/3.2.0/gems/devise-4.9.3/app/views/devise/registrations/new.html.erb within layouts/application
  Rendered /home/yusif/.rbenv/versions/3.2.2/lib/ruby/gems/3.2.0/gems/devise-4.9.3/app/views/devise/shared/_error_messages.html.erb (Duration: 0.1ms | Allocations: 14)
  Rendered /home/yusif/.rbenv/versions/3.2.2/lib/ruby/gems/3.2.0/gems/devise-4.9.3/app/views/devise/shared/_links.html.erb (Duration: 0.8ms | Allocations: 133)
  Rendered /home/yusif/.rbenv/versions/3.2.2/lib/ruby/gems/3.2.0/gems/devise-4.9.3/app/views/devise/registrations/new.html.erb within layouts/application (Duration: 4.3ms | Allocations: 1235)
  Rendered layout layouts/application.html.erb (Duration: 16.0ms | Allocations: 7718)
Completed 200 OK in 19ms (Views: 17.1ms | ActiveRecord: 0.0ms | Allocations: 8284)


Started POST "/users" for 127.0.0.1 at 2023-12-26 23:12:36 +0000
Processing by Devise::RegistrationsController#create as TURBO_STREAM
  Parameters: {"authenticity_token"=>"[FILTERED]", "user"=>{"email"=>"yusif.badmus@gmail.com", "password"=>"[FILTERED]", "password_confirmation"=>"[FILTERED]"}, "commit"=>"Sign up"}
  [1m[36mTRANSACTION (0.0ms)[0m  [1m[36mbegin transaction[0m
  [1m[36mUser Exists? (0.1ms)[0m  [1m[34mSELECT 1 AS one FROM "users" WHERE "users"."email" = ? LIMIT ?[0m  [["email", "yusif.badmus@gmail.com"], ["LIMIT", 1]]
  [1m[36mUser Create (0.2ms)[0m  [1m[32mINSERT INTO "users" ("email", "encrypted_password", "reset_password_token", "reset_password_sent_at", "remember_created_at", "confirmation_token", "confirmed_at", "confirmation_sent_at", "unconfirmed_email", "created_at", "updated_at") VALUES (?, ?, ?, ?, ?, ?, ?, ?, ?, ?, ?)[0m  [["email", "yusif.badmus@gmail.com"], ["encrypted_password", "[FILTERED]"], ["reset_password_token", "[FILTERED]"], ["reset_password_sent_at", "[FILTERED]"], ["remember_created_at", nil], ["confirmation_token", "[FILTERED]"], ["confirmed_at", nil], ["confirmation_sent_at", "2023-12-26 23:12:37.161034"], ["unconfirmed_email", nil], ["created_at", "2023-12-26 23:12:37.160941"], ["updated_at", "2023-12-26 23:12:37.160941"]]
  [1m[36mTRANSACTION (82.8ms)[0m  [1m[36mcommit transaction[0m
  Rendering /home/yusif/.rbenv/versions/3.2.2/lib/ruby/gems/3.2.0/gems/devise-4.9.3/app/views/devise/mailer/confirmation_instructions.html.erb
  Rendered /home/yusif/.rbenv/versions/3.2.2/lib/ruby/gems/3.2.0/gems/devise-4.9.3/app/views/devise/mailer/confirmation_instructions.html.erb (Duration: 0.9ms | Allocations: 336)
Devise::Mailer#confirmation_instructions: processed outbound mail in 21.5ms
Delivered mail 658b5de5599ef_1901f3ae8-4b6@ThinkStation.mail (45.5ms)
Date: Tue, 26 Dec 2023 23:12:37 +0000
From: please-change-me-at-config-initializers-devise@example.com
Reply-To: please-change-me-at-config-initializers-devise@example.com
To: yusif.badmus@gmail.com
Message-ID: <658b5de5599ef_1901f3ae8-4b6@ThinkStation.mail>
Subject: Confirmation instructions
Mime-Version: 1.0
Content-Type: text/html;
 charset=UTF-8
Content-Transfer-Encoding: 7bit

<p>Welcome yusif.badmus@gmail.com!</p>

<p>You can confirm your account email through the link below:</p>

<p><a href="http://localhost:3000/users/confirmation?confirmation_token=TzHnbyqwzZF7KXmHvGrP">Confirm my account</a></p>

Redirected to http://localhost:3000/
Completed 303 See Other in 455ms (ActiveRecord: 83.1ms | Allocations: 40704)


Started GET "/" for 127.0.0.1 at 2023-12-26 23:12:37 +0000
Processing by DashboardController#index as TURBO_STREAM
  Rendering layout layouts/application.html.erb
  Rendering dashboard/index.html.erb within layouts/application
  Rendered dashboard/index.html.erb within layouts/application (Duration: 0.0ms | Allocations: 7)
  Rendered layout layouts/application.html.erb (Duration: 4.8ms | Allocations: 6962)
Completed 200 OK in 5ms (Views: 5.1ms | ActiveRecord: 0.0ms | Allocations: 7274)


Started GET "/users/confirmation?confirmation_token=[FILTERED]" for 127.0.0.1 at 2023-12-26 23:14:00 +0000
Processing by Devise::ConfirmationsController#show as HTML
  Parameters: {"confirmation_token"=>"[FILTERED]"}
  [1m[36mUser Load (0.2ms)[0m  [1m[34mSELECT "users".* FROM "users" WHERE "users"."confirmation_token" = ? ORDER BY "users"."id" ASC LIMIT ?[0m  [["confirmation_token", "[FILTERED]"], ["LIMIT", 1]]
  [1m[36mTRANSACTION (0.0ms)[0m  [1m[36mbegin transaction[0m
  [1m[36mUser Update (0.2ms)[0m  [1m[33mUPDATE "users" SET "confirmed_at" = ?, "updated_at" = ? WHERE "users"."id" = ?[0m  [["confirmed_at", "2023-12-26 23:14:00.395757"], ["updated_at", "2023-12-26 23:14:00.396037"], ["id", 1]]
  [1m[36mTRANSACTION (84.8ms)[0m  [1m[36mcommit transaction[0m
Redirected to http://localhost:3000/users/sign_in
Completed 302 Found in 97ms (ActiveRecord: 85.3ms | Allocations: 5380)


Started GET "/users/sign_in" for 127.0.0.1 at 2023-12-26 23:14:00 +0000
Processing by Devise::SessionsController#new as HTML
  Rendering layout layouts/application.html.erb
  Rendering /home/yusif/.rbenv/versions/3.2.2/lib/ruby/gems/3.2.0/gems/devise-4.9.3/app/views/devise/sessions/new.html.erb within layouts/application
  Rendered /home/yusif/.rbenv/versions/3.2.2/lib/ruby/gems/3.2.0/gems/devise-4.9.3/app/views/devise/shared/_links.html.erb (Duration: 0.7ms | Allocations: 187)
  Rendered /home/yusif/.rbenv/versions/3.2.2/lib/ruby/gems/3.2.0/gems/devise-4.9.3/app/views/devise/sessions/new.html.erb within layouts/application (Duration: 3.5ms | Allocations: 1265)
  Rendered layout layouts/application.html.erb (Duration: 13.5ms | Allocations: 7741)
Completed 200 OK in 16ms (Views: 14.3ms | ActiveRecord: 0.0ms | Allocations: 8395)


Started POST "/users/sign_in" for 127.0.0.1 at 2023-12-26 23:14:09 +0000
Processing by Devise::SessionsController#create as TURBO_STREAM
  Parameters: {"authenticity_token"=>"[FILTERED]", "user"=>{"email"=>"yusif.badmus@gmail.com", "password"=>"[FILTERED]", "remember_me"=>"0"}, "commit"=>"Log in"}
  [1m[36mUser Load (0.1ms)[0m  [1m[34mSELECT "users".* FROM "users" WHERE "users"."email" = ? ORDER BY "users"."id" ASC LIMIT ?[0m  [["email", "yusif.badmus@gmail.com"], ["LIMIT", 1]]
Redirected to http://localhost:3000/
Completed 303 See Other in 175ms (ActiveRecord: 0.1ms | Allocations: 2643)


Started GET "/" for 127.0.0.1 at 2023-12-26 23:14:10 +0000
Processing by DashboardController#index as TURBO_STREAM
  Rendering layout layouts/application.html.erb
  Rendering dashboard/index.html.erb within layouts/application
  Rendered dashboard/index.html.erb within layouts/application (Duration: 0.0ms | Allocations: 7)
  Rendered layout layouts/application.html.erb (Duration: 4.5ms | Allocations: 6710)
Completed 200 OK in 5ms (Views: 4.8ms | ActiveRecord: 0.0ms | Allocations: 6975)


Started GET "/users/logout" for 127.0.0.1 at 2023-12-26 23:14:37 +0000
  
ActionController::RoutingError (No route matches [GET] "/users/logout"):
  
Started GET "/users/sign_out" for 127.0.0.1 at 2023-12-26 23:14:44 +0000
  
ActionController::RoutingError (No route matches [GET] "/users/sign_out"):
  
Started GET "/" for 127.0.0.1 at 2023-12-26 23:17:07 +0000
Processing by DashboardController#index as HTML
  Rendering layout layouts/application.html.erb
  Rendering dashboard/index.html.erb within layouts/application
  [1m[36mUser Load (0.1ms)[0m  [1m[34mSELECT "users".* FROM "users" WHERE "users"."id" = ? ORDER BY "users"."id" ASC LIMIT ?[0m  [["id", 1], ["LIMIT", 1]]
  ↳ app/views/dashboard/index.html.erb:5
  Rendered dashboard/index.html.erb within layouts/application (Duration: 1.7ms | Allocations: 1566)
  Rendered layout layouts/application.html.erb (Duration: 8.9ms | Allocations: 8630)
Completed 200 OK in 10ms (Views: 9.7ms | ActiveRecord: 0.1ms | Allocations: 9470)


Started DELETE "/users/sign_out" for 127.0.0.1 at 2023-12-26 23:17:16 +0000
Processing by Devise::SessionsController#destroy as TURBO_STREAM
  Parameters: {"authenticity_token"=>"[FILTERED]"}
  [1m[36mUser Load (0.1ms)[0m  [1m[34mSELECT "users".* FROM "users" WHERE "users"."id" = ? ORDER BY "users"."id" ASC LIMIT ?[0m  [["id", 1], ["LIMIT", 1]]
Redirected to http://localhost:3000/
Completed 303 See Other in 9ms (ActiveRecord: 0.1ms | Allocations: 5486)


Started GET "/" for 127.0.0.1 at 2023-12-26 23:17:16 +0000
Processing by DashboardController#index as TURBO_STREAM
  Rendering layout layouts/application.html.erb
  Rendering dashboard/index.html.erb within layouts/application
  Rendered dashboard/index.html.erb within layouts/application (Duration: 0.5ms | Allocations: 462)
  Rendered layout layouts/application.html.erb (Duration: 4.7ms | Allocations: 6969)
Completed 200 OK in 5ms (Views: 5.0ms | ActiveRecord: 0.0ms | Allocations: 7278)


Started GET "/" for 127.0.0.1 at 2023-12-26 23:17:27 +0000
Processing by DashboardController#index as HTML
  Rendering layout layouts/application.html.erb
  Rendering dashboard/index.html.erb within layouts/application
  Rendered dashboard/index.html.erb within layouts/application (Duration: 0.5ms | Allocations: 428)
  Rendered layout layouts/application.html.erb (Duration: 4.8ms | Allocations: 6927)
Completed 200 OK in 5ms (Views: 5.0ms | ActiveRecord: 0.0ms | Allocations: 7187)


Started POST "/users/sign_in" for 127.0.0.1 at 2023-12-26 23:18:23 +0000
Processing by Devise::SessionsController#create as TURBO_STREAM
  Parameters: {"authenticity_token"=>"[FILTERED]"}
Completed 401 Unauthorized in 1ms (ActiveRecord: 0.0ms | Allocations: 389)


Processing by Devise::SessionsController#new as TURBO_STREAM
  Parameters: {"authenticity_token"=>"[FILTERED]"}
  Rendering layout layouts/application.html.erb
  Rendering /home/yusif/.rbenv/versions/3.2.2/lib/ruby/gems/3.2.0/gems/devise-4.9.3/app/views/devise/sessions/new.html.erb within layouts/application
  Rendered /home/yusif/.rbenv/versions/3.2.2/lib/ruby/gems/3.2.0/gems/devise-4.9.3/app/views/devise/shared/_links.html.erb (Duration: 0.7ms | Allocations: 625)
  Rendered /home/yusif/.rbenv/versions/3.2.2/lib/ruby/gems/3.2.0/gems/devise-4.9.3/app/views/devise/sessions/new.html.erb within layouts/application (Duration: 2.3ms | Allocations: 2157)
  Rendered layout layouts/application.html.erb (Duration: 7.9ms | Allocations: 9188)
Completed 200 OK in 10ms (Views: 9.8ms | ActiveRecord: 0.0ms | Allocations: 10471)


Started POST "/users/sign_in" for 127.0.0.1 at 2023-12-26 23:18:29 +0000
Processing by Devise::SessionsController#create as TURBO_STREAM
  Parameters: {"authenticity_token"=>"[FILTERED]", "user"=>{"email"=>"yusif.badmus@gmail.com", "password"=>"[FILTERED]", "remember_me"=>"0"}, "commit"=>"Log in"}
  [1m[36mUser Load (0.1ms)[0m  [1m[34mSELECT "users".* FROM "users" WHERE "users"."email" = ? ORDER BY "users"."id" ASC LIMIT ?[0m  [["email", "yusif.badmus@gmail.com"], ["LIMIT", 1]]
Redirected to http://localhost:3000/
Completed 303 See Other in 175ms (ActiveRecord: 0.1ms | Allocations: 2631)


Started GET "/" for 127.0.0.1 at 2023-12-26 23:18:29 +0000
Processing by DashboardController#index as TURBO_STREAM
  Rendering layout layouts/application.html.erb
  Rendering dashboard/index.html.erb within layouts/application
  [1m[36mUser Load (0.1ms)[0m  [1m[34mSELECT "users".* FROM "users" WHERE "users"."id" = ? ORDER BY "users"."id" ASC LIMIT ?[0m  [["id", 1], ["LIMIT", 1]]
  ↳ app/views/dashboard/index.html.erb:5
  Rendered dashboard/index.html.erb within layouts/application (Duration: 1.9ms | Allocations: 1475)
  Rendered layout layouts/application.html.erb (Duration: 6.6ms | Allocations: 8052)
Completed 200 OK in 8ms (Views: 7.2ms | ActiveRecord: 0.1ms | Allocations: 8684)


Started GET "/" for 127.0.0.1 at 2023-12-26 23:19:08 +0000
Processing by DashboardController#index as HTML
  Rendering layout layouts/application.html.erb
  Rendering dashboard/index.html.erb within layouts/application
  [1m[36mUser Load (0.3ms)[0m  [1m[34mSELECT "users".* FROM "users" WHERE "users"."id" = ? ORDER BY "users"."id" ASC LIMIT ?[0m  [["id", 1], ["LIMIT", 1]]
  ↳ app/views/dashboard/index.html.erb:6
  Rendered dashboard/index.html.erb within layouts/application (Duration: 7.1ms | Allocations: 1444)
  Rendered layout layouts/application.html.erb (Duration: 23.3ms | Allocations: 8276)
Completed 200 OK in 29ms (Views: 27.2ms | ActiveRecord: 0.3ms | Allocations: 9112)


Started DELETE "/users/sign_out" for 127.0.0.1 at 2023-12-26 23:19:12 +0000
Processing by Devise::SessionsController#destroy as TURBO_STREAM
  Parameters: {"authenticity_token"=>"[FILTERED]"}
  [1m[36mUser Load (0.3ms)[0m  [1m[34mSELECT "users".* FROM "users" WHERE "users"."id" = ? ORDER BY "users"."id" ASC LIMIT ?[0m  [["id", 1], ["LIMIT", 1]]
Redirected to http://localhost:3000/
Completed 303 See Other in 10ms (ActiveRecord: 0.3ms | Allocations: 1864)


Started GET "/" for 127.0.0.1 at 2023-12-26 23:19:12 +0000
Processing by DashboardController#index as TURBO_STREAM
  Rendering layout layouts/application.html.erb
  Rendering dashboard/index.html.erb within layouts/application
  Rendered dashboard/index.html.erb within layouts/application (Duration: 0.6ms | Allocations: 446)
  Rendered layout layouts/application.html.erb (Duration: 5.5ms | Allocations: 7175)
Completed 200 OK in 6ms (Views: 5.8ms | ActiveRecord: 0.0ms | Allocations: 7486)


Started POST "/users/sign_in" for 127.0.0.1 at 2023-12-26 23:19:15 +0000
Processing by Devise::SessionsController#create as TURBO_STREAM
  Parameters: {"authenticity_token"=>"[FILTERED]"}
Completed 401 Unauthorized in 1ms (ActiveRecord: 0.0ms | Allocations: 385)


Processing by Devise::SessionsController#new as TURBO_STREAM
  Parameters: {"authenticity_token"=>"[FILTERED]"}
  Rendering layout layouts/application.html.erb
  Rendering /home/yusif/.rbenv/versions/3.2.2/lib/ruby/gems/3.2.0/gems/devise-4.9.3/app/views/devise/sessions/new.html.erb within layouts/application
  Rendered /home/yusif/.rbenv/versions/3.2.2/lib/ruby/gems/3.2.0/gems/devise-4.9.3/app/views/devise/shared/_links.html.erb (Duration: 1.3ms | Allocations: 625)
  Rendered /home/yusif/.rbenv/versions/3.2.2/lib/ruby/gems/3.2.0/gems/devise-4.9.3/app/views/devise/sessions/new.html.erb within layouts/application (Duration: 3.7ms | Allocations: 2156)
  Rendered layout layouts/application.html.erb (Duration: 11.3ms | Allocations: 8701)
Completed 200 OK in 14ms (Views: 13.2ms | ActiveRecord: 0.0ms | Allocations: 9731)


Started GET "/sessions/new.html" for 127.0.0.1 at 2023-12-26 23:45:48 +0000
  [1m[36mActiveRecord::SchemaMigration Pluck (0.1ms)[0m  [1m[34mSELECT "schema_migrations"."version" FROM "schema_migrations" ORDER BY "schema_migrations"."version" ASC[0m
  
ActionController::RoutingError (No route matches [GET] "/sessions/new.html"):
  
Started GET "/users/sing_in" for 127.0.0.1 at 2023-12-26 23:46:11 +0000
  
ActionController::RoutingError (No route matches [GET] "/users/sing_in"):
  
Started GET "/users/sign_in" for 127.0.0.1 at 2023-12-26 23:46:18 +0000
Processing by Devise::SessionsController#new as HTML
  Rendering layout layouts/application.html.erb
  Rendering /home/yusif/.rbenv/versions/3.2.2/lib/ruby/gems/3.2.0/gems/devise-4.9.3/app/views/devise/sessions/new.html.erb within layouts/application
  Rendered /home/yusif/.rbenv/versions/3.2.2/lib/ruby/gems/3.2.0/gems/devise-4.9.3/app/views/devise/shared/_links.html.erb (Duration: 1.0ms | Allocations: 832)
  Rendered /home/yusif/.rbenv/versions/3.2.2/lib/ruby/gems/3.2.0/gems/devise-4.9.3/app/views/devise/sessions/new.html.erb within layouts/application (Duration: 4.9ms | Allocations: 3808)
  Rendered layout layouts/application.html.erb (Duration: 46.8ms | Allocations: 53525)
Completed 200 OK in 61ms (Views: 48.8ms | ActiveRecord: 0.4ms | Allocations: 64367)


